<?xml version="1.0" encoding="UTF-8"?>
<testng-results ignored="0" total="7" passed="7" failed="0" skipped="0">
  <reporter-output>
  </reporter-output>
  <suite started-at="2024-04-24T13:46:10 IST" name="Suite" finished-at="2024-04-24T13:46:10 IST" duration-ms="110">
    <groups>
    </groups>
    <test started-at="2024-04-24T13:46:10 IST" name="Test" finished-at="2024-04-24T13:46:10 IST" duration-ms="110">
      <class name="LuggageChargeTest">
        <test-method signature="testChargeForWeight39()[pri:0, instance:LuggageChargeTest@55a147cc]" started-at="2024-04-24T13:46:10 IST" name="testChargeForWeight39" finished-at="2024-04-24T13:46:10 IST" duration-ms="15" status="PASS">
          <reporter-output>
          </reporter-output>
        </test-method> <!-- testChargeForWeight39 -->
        <test-method signature="testChargeForWeight40()[pri:0, instance:LuggageChargeTest@55a147cc]" started-at="2024-04-24T13:46:10 IST" name="testChargeForWeight40" finished-at="2024-04-24T13:46:10 IST" duration-ms="2" status="PASS">
          <reporter-output>
          </reporter-output>
        </test-method> <!-- testChargeForWeight40 -->
        <test-method signature="testChargeForWeight41()[pri:0, instance:LuggageChargeTest@55a147cc]" started-at="2024-04-24T13:46:10 IST" name="testChargeForWeight41" finished-at="2024-04-24T13:46:10 IST" duration-ms="3" status="PASS">
          <reporter-output>
          </reporter-output>
        </test-method> <!-- testChargeForWeight41 -->
        <test-method signature="testChargeForWeight499()[pri:0, instance:LuggageChargeTest@55a147cc]" started-at="2024-04-24T13:46:10 IST" name="testChargeForWeight499" finished-at="2024-04-24T13:46:10 IST" duration-ms="1" status="PASS">
          <reporter-output>
          </reporter-output>
        </test-method> <!-- testChargeForWeight499 -->
        <test-method signature="testChargeForWeight500()[pri:0, instance:LuggageChargeTest@55a147cc]" started-at="2024-04-24T13:46:10 IST" name="testChargeForWeight500" finished-at="2024-04-24T13:46:10 IST" duration-ms="2" status="PASS">
          <reporter-output>
          </reporter-output>
        </test-method> <!-- testChargeForWeight500 -->
        <test-method signature="testChargeForWeight501()[pri:0, instance:LuggageChargeTest@55a147cc]" started-at="2024-04-24T13:46:10 IST" name="testChargeForWeight501" finished-at="2024-04-24T13:46:10 IST" duration-ms="1" status="PASS">
          <reporter-output>
          </reporter-output>
        </test-method> <!-- testChargeForWeight501 -->
        <test-method signature="testChargeForZeroWeight()[pri:0, instance:LuggageChargeTest@55a147cc]" started-at="2024-04-24T13:46:10 IST" name="testChargeForZeroWeight" finished-at="2024-04-24T13:46:10 IST" duration-ms="1" status="PASS">
          <reporter-output>
          </reporter-output>
        </test-method> <!-- testChargeForZeroWeight -->
      </class> <!-- LuggageChargeTest -->
    </test> <!-- Test -->
  </suite> <!-- Suite -->
</testng-results>
