<?xml version="1.0" encoding="UTF-8"?>
<!-- Generated by org.testng.reporters.JUnitXMLReporter -->
<testsuite ignored="0" hostname="DELL" failures="0" tests="3" name="Default test" time="11.92" errors="0" timestamp="2024-04-24T17:17:04 IST">
  <testcase classname="LoginSeleTest.LoginSelenium" name="testLogin" time="2.671"/>
  <testcase classname="LoginSeleTest.LoginSelenium" name="testLogin" time="2.601"/>
  <testcase classname="LoginSeleTest.LoginSelenium" name="testLogin" time="2.63"/>
</testsuite> <!-- Default test -->
