<?xml version="1.0" encoding="UTF-8"?>
<!-- Generated by org.testng.reporters.JUnitXMLReporter -->
<testsuite ignored="2" hostname="DELL" failures="0" tests="1" name="Test" time="0.081" errors="0" timestamp="2024-04-24T13:31:10 IST">
  <testcase classname="Demo.FirstClass" name="SecondTC" time="0.013"/>
  <testcase classname="Demo.FirstClass" name="ThirdTC" time="0.0">
    <ignored/>
  </testcase> <!-- ThirdTC -->
  <testcase classname="Demo.FirstClass" name="FirstTC" time="0.0">
    <ignored/>
  </testcase> <!-- FirstTC -->
</testsuite> <!-- Test -->
