<?xml version="1.0" encoding="UTF-8"?>
<testng-results ignored="0" total="3" passed="3" failed="0" skipped="0">
  <reporter-output>
  </reporter-output>
  <suite started-at="2024-04-24T17:16:52 IST" name="Default suite" finished-at="2024-04-24T17:17:04 IST" duration-ms="11920">
    <groups>
    </groups>
    <test started-at="2024-04-24T17:16:52 IST" name="Default test" finished-at="2024-04-24T17:17:04 IST" duration-ms="11920">
      <class name="LoginSeleTest.LoginSelenium">
        <test-method is-config="true" signature="setUp()[pri:0, instance:LoginSeleTest.LoginSelenium@7fd50002]" started-at="2024-04-24T17:16:52 IST" name="setUp" finished-at="2024-04-24T17:16:55 IST" duration-ms="3120" status="PASS">
          <reporter-output>
          </reporter-output>
        </test-method> <!-- setUp -->
        <test-method signature="testLogin(java.lang.String,java.lang.String,java.lang.String)[pri:0, instance:LoginSeleTest.LoginSelenium@7fd50002]" started-at="2024-04-24T17:16:55 IST" name="testLogin" data-provider="loginData" finished-at="2024-04-24T17:16:57 IST" duration-ms="2671" status="PASS">
          <params>
            <param index="0">
              <value>
                <![CDATA[user1]]>
              </value>
            </param>
            <param index="1">
              <value>
                <![CDATA[password1]]>
              </value>
            </param>
            <param index="2">
              <value>
                <![CDATA[Login successful]]>
              </value>
            </param>
          </params>
          <reporter-output>
          </reporter-output>
        </test-method> <!-- testLogin -->
        <test-method signature="testLogin(java.lang.String,java.lang.String,java.lang.String)[pri:0, instance:LoginSeleTest.LoginSelenium@7fd50002]" started-at="2024-04-24T17:16:57 IST" name="testLogin" data-provider="loginData" finished-at="2024-04-24T17:17:00 IST" duration-ms="2601" status="PASS">
          <params>
            <param index="0">
              <value>
                <![CDATA[user1]]>
              </value>
            </param>
            <param index="1">
              <value>
                <![CDATA[wrongpassword]]>
              </value>
            </param>
            <param index="2">
              <value>
                <![CDATA[Incorrect password]]>
              </value>
            </param>
          </params>
          <reporter-output>
          </reporter-output>
        </test-method> <!-- testLogin -->
        <test-method signature="testLogin(java.lang.String,java.lang.String,java.lang.String)[pri:0, instance:LoginSeleTest.LoginSelenium@7fd50002]" started-at="2024-04-24T17:17:00 IST" name="testLogin" data-provider="loginData" finished-at="2024-04-24T17:17:03 IST" duration-ms="2630" status="PASS">
          <params>
            <param index="0">
              <value>
                <![CDATA[nonexistentuser]]>
              </value>
            </param>
            <param index="1">
              <value>
                <![CDATA[password]]>
              </value>
            </param>
            <param index="2">
              <value>
                <![CDATA[User does not exist]]>
              </value>
            </param>
          </params>
          <reporter-output>
          </reporter-output>
        </test-method> <!-- testLogin -->
        <test-method is-config="true" signature="tearDown()[pri:0, instance:LoginSeleTest.LoginSelenium@7fd50002]" started-at="2024-04-24T17:17:03 IST" name="tearDown" finished-at="2024-04-24T17:17:04 IST" duration-ms="812" status="PASS">
          <reporter-output>
          </reporter-output>
        </test-method> <!-- tearDown -->
      </class> <!-- LoginSeleTest.LoginSelenium -->
    </test> <!-- Default test -->
  </suite> <!-- Default suite -->
</testng-results>
